<?xml version="1.0" encoding="UTF-8"?>
<testsuite name="com.programmers.domain.CalculatorTest" tests="4" skipped="0" failures="0" errors="0" timestamp="2022-10-19T08:01:57" hostname="gimgiung-ui-MacBook-Pro.local" time="0.024">
  <properties/>
  <testcase name="subtract()" classname="com.programmers.domain.CalculatorTest" time="0.02"/>
  <testcase name="divide()" classname="com.programmers.domain.CalculatorTest" time="0.001"/>
  <testcase name="add()" classname="com.programmers.domain.CalculatorTest" time="0.0"/>
  <testcase name="multiply()" classname="com.programmers.domain.CalculatorTest" time="0.0"/>
  <system-out><![CDATA[]]></system-out>
  <system-err><![CDATA[]]></system-err>
</testsuite>
